<?xml version="1.0" encoding="utf-8"?><testsuites name="pytest tests"><testsuite name="pytest" errors="0" failures="0" skipped="0" tests="21" time="2.825" timestamp="2026-06-27T12:15:44.765229+00:00" hostname="agent-env-2a4fce18-ee5b-4b89-b980-1bb6600c78bf"><testcase classname="backend.tests.test_backend" name="test_root" time="0.246" /><testcase classname="backend.tests.test_backend" name="test_projects_list" time="0.089" /><testcase classname="backend.tests.test_backend" name="test_project_detail_valid" time="0.045" /><testcase classname="backend.tests.test_backend" name="test_project_detail_invalid" time="0.044" /><testcase classname="backend.tests.test_backend" name="test_create_inquiry_valid" time="0.211" /><testcase classname="backend.tests.test_backend" name="test_create_inquiry_invalid_email" time="0.045" /><testcase classname="backend.tests.test_backend" name="test_create_inquiry_with_prints_optional_fields" time="0.043" /><testcase classname="backend.tests.test_backend" name="test_create_inquiry_institutional_type" time="0.045" /><testcase classname="backend.tests.test_backend" name="test_create_inquiry_homepage_regression_no_optional_fields" time="0.047" /><testcase classname="backend.tests.test_backend" name="test_create_inquiry_invalid_inquiry_type" time="0.044" /><testcase classname="backend.tests.test_backend" name="test_create_inquiry_books_types" time="0.131" /><testcase classname="backend.tests.test_backend" name="test_create_inquiry_cv_new_types" time="0.278" /><testcase classname="backend.tests.test_backend" name="test_create_inquiry_all_valid_types" time="0.629" /><testcase classname="backend.tests.test_backend" name="test_newsletter_subscribe_and_idempotent" time="0.146" /><testcase classname="backend.tests.test_backend" name="test_newsletter_with_interest" time="0.092" /><testcase classname="backend.tests.test_backend" name="test_newsletter_without_interest_backcompat" time="0.046" /><testcase classname="backend.tests.test_backend" name="test_newsletter_list_includes_interest" time="0.103" /><testcase classname="backend.tests.test_backend" name="test_create_inquiry_curatorial" time="0.045" /><testcase classname="backend.tests.test_backend" name="test_create_inquiry_book_inquiry_with_org_and_deadline" time="0.045" /><testcase classname="backend.tests.test_backend" name="test_inquiries_list_persists_org_and_deadline" time="0.099" /><testcase classname="backend.tests.test_backend" name="test_create_inquiry_rejects_unknown_type" time="0.044" /></testsuite></testsuites>