<?xml version="1.0" encoding="utf-8"?><testsuites name="pytest tests"><testsuite name="pytest" errors="0" failures="0" skipped="0" tests="2" time="0.346" timestamp="2026-06-27T13:01:52.153945+00:00" hostname="agent-env-2a4fce18-ee5b-4b89-b980-1bb6600c78bf"><testcase classname="backend.tests.test_og_image_regression" name="test_inquiries_post_minimal_returns_201" time="0.171" /><testcase classname="backend.tests.test_og_image_regression" name="test_first_paint_html_has_homepage_og_image" time="0.108" /></testsuite></testsuites>