<?xml version="1.0" encoding="utf-8"?><testsuites name="pytest tests"><testsuite name="pytest" errors="0" failures="0" skipped="0" tests="12" time="1.262" timestamp="2026-06-24T11:41:33.485991+00:00" hostname="agent-env-2a4fce18-ee5b-4b89-b980-1bb6600c78bf"><testcase classname="backend.tests.test_backend" name="test_root" time="0.230" /><testcase classname="backend.tests.test_backend" name="test_projects_list" time="0.047" /><testcase classname="backend.tests.test_backend" name="test_project_detail_valid" time="0.044" /><testcase classname="backend.tests.test_backend" name="test_project_detail_invalid" time="0.043" /><testcase classname="backend.tests.test_backend" name="test_create_inquiry_valid" time="0.098" /><testcase classname="backend.tests.test_backend" name="test_create_inquiry_invalid_email" time="0.052" /><testcase classname="backend.tests.test_backend" name="test_create_inquiry_with_prints_optional_fields" time="0.047" /><testcase classname="backend.tests.test_backend" name="test_create_inquiry_institutional_type" time="0.052" /><testcase classname="backend.tests.test_backend" name="test_create_inquiry_homepage_regression_no_optional_fields" time="0.055" /><testcase classname="backend.tests.test_backend" name="test_create_inquiry_invalid_inquiry_type" time="0.045" /><testcase classname="backend.tests.test_backend" name="test_create_inquiry_all_valid_types" time="0.243" /><testcase classname="backend.tests.test_backend" name="test_newsletter_subscribe_and_idempotent" time="0.155" /></testsuite></testsuites>