<?xml version="1.0" encoding="utf-8"?><testsuites name="pytest tests"><testsuite name="pytest" errors="0" failures="0" skipped="0" tests="13" time="1.584" timestamp="2026-06-24T12:00:10.884115+00:00" hostname="agent-env-2a4fce18-ee5b-4b89-b980-1bb6600c78bf"><testcase classname="backend.tests.test_backend" name="test_root" time="0.265" /><testcase classname="backend.tests.test_backend" name="test_projects_list" time="0.048" /><testcase classname="backend.tests.test_backend" name="test_project_detail_valid" time="0.048" /><testcase classname="backend.tests.test_backend" name="test_project_detail_invalid" time="0.052" /><testcase classname="backend.tests.test_backend" name="test_create_inquiry_valid" time="0.109" /><testcase classname="backend.tests.test_backend" name="test_create_inquiry_invalid_email" time="0.056" /><testcase classname="backend.tests.test_backend" name="test_create_inquiry_with_prints_optional_fields" time="0.054" /><testcase classname="backend.tests.test_backend" name="test_create_inquiry_institutional_type" time="0.050" /><testcase classname="backend.tests.test_backend" name="test_create_inquiry_homepage_regression_no_optional_fields" time="0.049" /><testcase classname="backend.tests.test_backend" name="test_create_inquiry_invalid_inquiry_type" time="0.046" /><testcase classname="backend.tests.test_backend" name="test_create_inquiry_books_types" time="0.158" /><testcase classname="backend.tests.test_backend" name="test_create_inquiry_all_valid_types" time="0.409" /><testcase classname="backend.tests.test_backend" name="test_newsletter_subscribe_and_idempotent" time="0.152" /></testsuite></testsuites>